<?xml version="1.0" encoding="UTF-8"?>
<testsuite xmlns:xsi="http://www.w3.org/2001/XMLSchema-instance" xsi:noNamespaceSchemaLocation="https://maven.apache.org/surefire/maven-surefire-plugin/xsd/surefire-test-report-3.0.xsd" version="3.0" name="us.abstracta.jmeter.javadsl.sample.PerformanceTest" time="121.808" tests="2" errors="0" skipped="0" failures="0">
  <properties>
[...]
</properties>
  <testcase name="testPerformanceREQ10" classname="us.abstracta.jmeter.javadsl.sample.PerformanceTest" time="60.827">
    <system-out><![CDATA[23:55:30.736 [RPS Thread Group-ThreadStarter] INFO  com.blazemeter.jmeter.threads.concurrency.ConcurrencyThreadStarter - Start supplying threads
23:55:30.750 [RPS Thread Group-ThreadStarter 1-1] WARN  kg.apc.jmeter.timers.VariableThroughputTimer - No free threads available in current Thread Group RPS Thread Group, made 0 samples/s for expected rps 1.0 samples/s, increase your number of threads
 +      1 in 00:00:00 =   11.9/s Avg:    13 Min:    13 Max:    13 Err:     1 (100.00%) Active: 1 Started: 1 Finished: 0
23:55:53.000 [RPS Thread Group-ThreadStarter 1-1] WARN  kg.apc.jmeter.timers.VariableThroughputTimer - No free threads available in current Thread Group RPS Thread Group, made 441 samples/s for expected rps 460.6166666666667 samples/s, increase your number of threads
23:55:54.004 [RPS Thread Group-ThreadStarter 1-1] INFO  com.blazemeter.jmeter.control.VirtualUserController - Need to decrease concurrency, thread is done: RPS Thread Group-ThreadStarter 1-1
23:55:54.004 [RPS Thread Group-ThreadStarter 1-2] INFO  com.blazemeter.jmeter.control.VirtualUserController - Need to decrease concurrency, thread is done: RPS Thread Group-ThreadStarter 1-2
 +   8717 in 00:00:29 =  298.4/s Avg:     0 Min:     0 Max:    32 Err:  8717 (100.00%) Active: 2 Started: 4 Finished: 2
 =   8718 in 00:00:29 =  297.6/s Avg:     0 Min:     0 Max:    32 Err:  8718 (100.00%)
23:56:12.000 [RPS Thread Group-ThreadStarter 1-4] WARN  kg.apc.jmeter.timers.VariableThroughputTimer - No free threads available in current Thread Group RPS Thread Group, made 819 samples/s for expected rps 840.3 samples/s, increase your number of threads
23:56:13.003 [RPS Thread Group-ThreadStarter 1-4] INFO  com.blazemeter.jmeter.control.VirtualUserController - Need to decrease concurrency, thread is done: RPS Thread Group-ThreadStarter 1-4
23:56:13.003 [RPS Thread Group-ThreadStarter 1-5] INFO  com.blazemeter.jmeter.control.VirtualUserController - Need to decrease concurrency, thread is done: RPS Thread Group-ThreadStarter 1-5
 +  26685 in 00:00:30 =  889.5/s Avg:     0 Min:     0 Max:    17 Err: 26685 (100.00%) Active: 2 Started: 6 Finished: 4
 =  35403 in 00:00:59 =  597.1/s Avg:     0 Min:     0 Max:    32 Err: 35403 (100.00%)
23:56:30.001 [RPS Thread Group-ThreadStarter 1-6] WARN  kg.apc.jmeter.timers.VariableThroughputTimer - No free threads available in current Thread Group RPS Thread Group, made 1179 samples/s for expected rps 1200.0 samples/s, increase your number of threads
23:56:31.001 [RPS Thread Group-ThreadStarter 1-3] INFO  kg.apc.jmeter.timers.VariableThroughputTimer - No further RPS schedule, asking threads to stop...
23:56:31.001 [RPS Thread Group-ThreadStarter 1-3] INFO  kg.apc.jmeter.timers.VariableThroughputTimer - Stopping gracefuly threads of Thread Group : RPS Thread Group
23:56:31.001 [RPS Thread Group-ThreadStarter] INFO  com.blazemeter.jmeter.threads.concurrency.ConcurrencyThreadStarter - Done supplying threads
23:56:31.005 [main] WARN  org.apache.jmeter.engine.StandardJMeterEngine - Error encountered during shutdown of us.abstracta.jmeter.javadsl.core.listeners.HtmlReporter$AutoFlushingResultCollector@3deb2326
java.lang.IllegalArgumentException: Cannot read test results file : ./reports/PerformanceREQ10/2023-06-19 11-55-30 3ba8250d-e604-4fe0-8469-640f02266a2f/report.jtl
	at org.apache.jmeter.report.dashboard.ReportGenerator.<init>(ReportGenerator.java:133) ~[ApacheJMeter_core-5.5.jar:5.5]
	at us.abstracta.jmeter.javadsl.core.listeners.HtmlReporter$HtmlReportSummariser.testEnded(HtmlReporter.java:167) ~[jmeter-java-dsl-1.9.jar:1.9]
	at org.apache.jmeter.reporters.ResultCollector.testEnded(ResultCollector.java:308) ~[ApacheJMeter_core-5.5.jar:5.5]
	at us.abstracta.jmeter.javadsl.core.listeners.HtmlReporter$AutoFlushingResultCollector.testEnded(HtmlReporter.java:218) ~[jmeter-java-dsl-1.9.jar:1.9]
	at org.apache.jmeter.reporters.ResultCollector.testEnded(ResultCollector.java:345) ~[ApacheJMeter_core-5.5.jar:5.5]
	at org.apache.jmeter.engine.StandardJMeterEngine.notifyTestListenersOfEnd(StandardJMeterEngine.java:230) ~[ApacheJMeter_core-5.5.jar:5.5]
	at org.apache.jmeter.engine.StandardJMeterEngine.run(StandardJMeterEngine.java:507) ~[ApacheJMeter_core-5.5.jar:5.5]
	at us.abstracta.jmeter.javadsl.core.engines.EmbeddedJmeterEngine$2.runTest(EmbeddedJmeterEngine.java:162) ~[jmeter-java-dsl-1.9.jar:1.9]
	at us.abstracta.jmeter.javadsl.core.engines.EmbeddedJmeterEngine$TestRunner.run(EmbeddedJmeterEngine.java:179) ~[jmeter-java-dsl-1.9.jar:1.9]
	at us.abstracta.jmeter.javadsl.core.engines.EmbeddedJmeterEngine.runInEnv(EmbeddedJmeterEngine.java:129) ~[jmeter-java-dsl-1.9.jar:1.9]
	at us.abstracta.jmeter.javadsl.core.engines.EmbeddedJmeterEngine.run(EmbeddedJmeterEngine.java:93) ~[jmeter-java-dsl-1.9.jar:1.9]
	at us.abstracta.jmeter.javadsl.core.DslTestPlan.run(DslTestPlan.java:125) ~[jmeter-java-dsl-1.9.jar:1.9]
	at us.abstracta.jmeter.javadsl.sample.PerformanceTest.testPerformanceREQ10(PerformanceTest.java:31) ~[test-classes/:?]
	at jdk.internal.reflect.DirectMethodHandleAccessor.invoke(DirectMethodHandleAccessor.java:104) ~[?:?]
	at java.lang.reflect.Method.invoke(Method.java:578) ~[?:?]
	at org.junit.platform.commons.util.ReflectionUtils.invokeMethod(ReflectionUtils.java:727) ~[junit-platform-commons-1.9.0.jar:1.9.0]
	at org.junit.jupiter.engine.execution.MethodInvocation.proceed(MethodInvocation.java:60) ~[junit-jupiter-engine-5.9.0.jar:5.9.0]
	at org.junit.jupiter.engine.execution.InvocationInterceptorChain$ValidatingInvocation.proceed(InvocationInterceptorChain.java:131) ~[junit-jupiter-engine-5.9.0.jar:5.9.0]
	at org.junit.jupiter.engine.extension.TimeoutExtension.intercept(TimeoutExtension.java:156) ~[junit-jupiter-engine-5.9.0.jar:5.9.0]
	at org.junit.jupiter.engine.extension.TimeoutExtension.interceptTestableMethod(TimeoutExtension.java:147) ~[junit-jupiter-engine-5.9.0.jar:5.9.0]
	at org.junit.jupiter.engine.extension.TimeoutExtension.interceptTestMethod(TimeoutExtension.java:86) ~[junit-jupiter-engine-5.9.0.jar:5.9.0]
	at org.junit.jupiter.engine.execution.InterceptingExecutableInvoker$ReflectiveInterceptorCall.lambda$ofVoidMethod$0(InterceptingExecutableInvoker.java:103) ~[junit-jupiter-engine-5.9.0.jar:5.9.0]
	at org.junit.jupiter.engine.execution.InterceptingExecutableInvoker.lambda$invoke$0(InterceptingExecutableInvoker.java:93) ~[junit-jupiter-engine-5.9.0.jar:5.9.0]
	at org.junit.jupiter.engine.execution.InvocationInterceptorChain$InterceptedInvocation.proceed(InvocationInterceptorChain.java:106) ~[junit-jupiter-engine-5.9.0.jar:5.9.0]
	at org.junit.jupiter.engine.execution.InvocationInterceptorChain.proceed(InvocationInterceptorChain.java:64) ~[junit-jupiter-engine-5.9.0.jar:5.9.0]
	at org.junit.jupiter.engine.execution.InvocationInterceptorChain.chainAndInvoke(InvocationInterceptorChain.java:45) ~[junit-jupiter-engine-5.9.0.jar:5.9.0]
	at org.junit.jupiter.engine.execution.InvocationInterceptorChain.invoke(InvocationInterceptorChain.java:37) ~[junit-jupiter-engine-5.9.0.jar:5.9.0]
	at org.junit.jupiter.engine.execution.InterceptingExecutableInvoker.invoke(InterceptingExecutableInvoker.java:92) ~[junit-jupiter-engine-5.9.0.jar:5.9.0]
	at org.junit.jupiter.engine.execution.InterceptingExecutableInvoker.invoke(InterceptingExecutableInvoker.java:86) ~[junit-jupiter-engine-5.9.0.jar:5.9.0]
	at org.junit.jupiter.engine.descriptor.TestMethodTestDescriptor.lambda$invokeTestMethod$7(TestMethodTestDescriptor.java:217) ~[junit-jupiter-engine-5.9.0.jar:5.9.0]
	at org.junit.platform.engine.support.hierarchical.ThrowableCollector.execute(ThrowableCollector.java:73) ~[junit-platform-engine-1.9.0.jar:1.9.0]
	at org.junit.jupiter.engine.descriptor.TestMethodTestDescriptor.invokeTestMethod(TestMethodTestDescriptor.java:213) ~[junit-jupiter-engine-5.9.0.jar:5.9.0]
	at org.junit.jupiter.engine.descriptor.TestMethodTestDescriptor.execute(TestMethodTestDescriptor.java:138) ~[junit-jupiter-engine-5.9.0.jar:5.9.0]
	at org.junit.jupiter.engine.descriptor.TestMethodTestDescriptor.execute(TestMethodTestDescriptor.java:68) ~[junit-jupiter-engine-5.9.0.jar:5.9.0]
	at org.junit.platform.engine.support.hierarchical.NodeTestTask.lambda$executeRecursively$6(NodeTestTask.java:151) ~[junit-platform-engine-1.9.0.jar:1.9.0]
	at org.junit.platform.engine.support.hierarchical.ThrowableCollector.execute(ThrowableCollector.java:73) ~[junit-platform-engine-1.9.0.jar:1.9.0]
	at org.junit.platform.engine.support.hierarchical.NodeTestTask.lambda$executeRecursively$8(NodeTestTask.java:141) ~[junit-platform-engine-1.9.0.jar:1.9.0]
	at org.junit.platform.engine.support.hierarchical.Node.around(Node.java:137) ~[junit-platform-engine-1.9.0.jar:1.9.0]
	at org.junit.platform.engine.support.hierarchical.NodeTestTask.lambda$executeRecursively$9(NodeTestTask.java:139) ~[junit-platform-engine-1.9.0.jar:1.9.0]
	at org.junit.platform.engine.support.hierarchical.ThrowableCollector.execute(ThrowableCollector.java:73) ~[junit-platform-engine-1.9.0.jar:1.9.0]
	at org.junit.platform.engine.support.hierarchical.NodeTestTask.executeRecursively(NodeTestTask.java:138) ~[junit-platform-engine-1.9.0.jar:1.9.0]
	at org.junit.platform.engine.support.hierarchical.NodeTestTask.execute(NodeTestTask.java:95) ~[junit-platform-engine-1.9.0.jar:1.9.0]
	at java.util.ArrayList.forEach(ArrayList.java:1511) ~[?:?]
	at org.junit.platform.engine.support.hierarchical.SameThreadHierarchicalTestExecutorService.invokeAll(SameThreadHierarchicalTestExecutorService.java:41) ~[junit-platform-engine-1.9.0.jar:1.9.0]
	at org.junit.platform.engine.support.hierarchical.NodeTestTask.lambda$executeRecursively$6(NodeTestTask.java:155) ~[junit-platform-engine-1.9.0.jar:1.9.0]
	at org.junit.platform.engine.support.hierarchical.ThrowableCollector.execute(ThrowableCollector.java:73) ~[junit-platform-engine-1.9.0.jar:1.9.0]
	at org.junit.platform.engine.support.hierarchical.NodeTestTask.lambda$executeRecursively$8(NodeTestTask.java:141) ~[junit-platform-engine-1.9.0.jar:1.9.0]
	at org.junit.platform.engine.support.hierarchical.Node.around(Node.java:137) ~[junit-platform-engine-1.9.0.jar:1.9.0]
	at org.junit.platform.engine.support.hierarchical.NodeTestTask.lambda$executeRecursively$9(NodeTestTask.java:139) ~[junit-platform-engine-1.9.0.jar:1.9.0]
	at org.junit.platform.engine.support.hierarchical.ThrowableCollector.execute(ThrowableCollector.java:73) ~[junit-platform-engine-1.9.0.jar:1.9.0]
	at org.junit.platform.engine.support.hierarchical.NodeTestTask.executeRecursively(NodeTestTask.java:138) ~[junit-platform-engine-1.9.0.jar:1.9.0]
	at org.junit.platform.engine.support.hierarchical.NodeTestTask.execute(NodeTestTask.java:95) ~[junit-platform-engine-1.9.0.jar:1.9.0]
	at java.util.ArrayList.forEach(ArrayList.java:1511) ~[?:?]
	at org.junit.platform.engine.support.hierarchical.SameThreadHierarchicalTestExecutorService.invokeAll(SameThreadHierarchicalTestExecutorService.java:41) ~[junit-platform-engine-1.9.0.jar:1.9.0]
	at org.junit.platform.engine.support.hierarchical.NodeTestTask.lambda$executeRecursively$6(NodeTestTask.java:155) ~[junit-platform-engine-1.9.0.jar:1.9.0]
	at org.junit.platform.engine.support.hierarchical.ThrowableCollector.execute(ThrowableCollector.java:73) ~[junit-platform-engine-1.9.0.jar:1.9.0]
	at org.junit.platform.engine.support.hierarchical.NodeTestTask.lambda$executeRecursively$8(NodeTestTask.java:141) ~[junit-platform-engine-1.9.0.jar:1.9.0]
	at org.junit.platform.engine.support.hierarchical.Node.around(Node.java:137) ~[junit-platform-engine-1.9.0.jar:1.9.0]
	at org.junit.platform.engine.support.hierarchical.NodeTestTask.lambda$executeRecursively$9(NodeTestTask.java:139) ~[junit-platform-engine-1.9.0.jar:1.9.0]
	at org.junit.platform.engine.support.hierarchical.ThrowableCollector.execute(ThrowableCollector.java:73) ~[junit-platform-engine-1.9.0.jar:1.9.0]
	at org.junit.platform.engine.support.hierarchical.NodeTestTask.executeRecursively(NodeTestTask.java:138) ~[junit-platform-engine-1.9.0.jar:1.9.0]
	at org.junit.platform.engine.support.hierarchical.NodeTestTask.execute(NodeTestTask.java:95) ~[junit-platform-engine-1.9.0.jar:1.9.0]
	at org.junit.platform.engine.support.hierarchical.SameThreadHierarchicalTestExecutorService.submit(SameThreadHierarchicalTestExecutorService.java:35) ~[junit-platform-engine-1.9.0.jar:1.9.0]
	at org.junit.platform.engine.support.hierarchical.HierarchicalTestExecutor.execute(HierarchicalTestExecutor.java:57) ~[junit-platform-engine-1.9.0.jar:1.9.0]
	at org.junit.platform.engine.support.hierarchical.HierarchicalTestEngine.execute(HierarchicalTestEngine.java:54) ~[junit-platform-engine-1.9.0.jar:1.9.0]
	at org.junit.platform.launcher.core.EngineExecutionOrchestrator.execute(EngineExecutionOrchestrator.java:147) ~[junit-platform-launcher-1.9.0.jar:1.9.0]
	at org.junit.platform.launcher.core.EngineExecutionOrchestrator.execute(EngineExecutionOrchestrator.java:127) ~[junit-platform-launcher-1.9.0.jar:1.9.0]
	at org.junit.platform.launcher.core.EngineExecutionOrchestrator.execute(EngineExecutionOrchestrator.java:90) ~[junit-platform-launcher-1.9.0.jar:1.9.0]
	at org.junit.platform.launcher.core.EngineExecutionOrchestrator.lambda$execute$0(EngineExecutionOrchestrator.java:55) ~[junit-platform-launcher-1.9.0.jar:1.9.0]
	at org.junit.platform.launcher.core.EngineExecutionOrchestrator.withInterceptedStreams(EngineExecutionOrchestrator.java:102) ~[junit-platform-launcher-1.9.0.jar:1.9.0]
	at org.junit.platform.launcher.core.EngineExecutionOrchestrator.execute(EngineExecutionOrchestrator.java:54) ~[junit-platform-launcher-1.9.0.jar:1.9.0]
	at org.junit.platform.launcher.core.DefaultLauncher.execute(DefaultLauncher.java:114) ~[junit-platform-launcher-1.9.0.jar:1.9.0]
	at org.junit.platform.launcher.core.DefaultLauncher.execute(DefaultLauncher.java:86) ~[junit-platform-launcher-1.9.0.jar:1.9.0]
	at org.junit.platform.launcher.core.DefaultLauncherSession$DelegatingLauncher.execute(DefaultLauncherSession.java:86) ~[junit-platform-launcher-1.9.0.jar:1.9.0]
	at org.apache.maven.surefire.junitplatform.LazyLauncher.execute(LazyLauncher.java:55) ~[surefire-junit-platform-3.0.0-M7.jar:3.0.0-M7]
	at org.apache.maven.surefire.junitplatform.JUnitPlatformProvider.execute(JUnitPlatformProvider.java:223) ~[surefire-junit-platform-3.0.0-M7.jar:3.0.0-M7]
	at org.apache.maven.surefire.junitplatform.JUnitPlatformProvider.invokeAllTests(JUnitPlatformProvider.java:175) ~[surefire-junit-platform-3.0.0-M7.jar:3.0.0-M7]
	at org.apache.maven.surefire.junitplatform.JUnitPlatformProvider.invoke(JUnitPlatformProvider.java:139) ~[surefire-junit-platform-3.0.0-M7.jar:3.0.0-M7]
	at org.apache.maven.surefire.booter.ForkedBooter.runSuitesInProcess(ForkedBooter.java:456) ~[surefire-booter-3.0.0-M7.jar:3.0.0-M7]
	at org.apache.maven.surefire.booter.ForkedBooter.execute(ForkedBooter.java:169) ~[surefire-booter-3.0.0-M7.jar:3.0.0-M7]
	at org.apache.maven.surefire.booter.ForkedBooter.run(ForkedBooter.java:595) ~[surefire-booter-3.0.0-M7.jar:3.0.0-M7]
	at org.apache.maven.surefire.booter.ForkedBooter.main(ForkedBooter.java:581) ~[surefire-booter-3.0.0-M7.jar:3.0.0-M7]
]]></system-out>
  </testcase>
  <testcase name="testPerformanceREQ11" classname="us.abstracta.jmeter.javadsl.sample.PerformanceTest" time="60.971">
    <system-out><![CDATA[23:56:31.152 [RPS Thread Group-ThreadStarter] INFO  com.blazemeter.jmeter.threads.concurrency.ConcurrencyThreadStarter - Start supplying threads
23:56:31.153 [RPS Thread Group-ThreadStarter 1-1] WARN  kg.apc.jmeter.timers.VariableThroughputTimer - No free threads available in current Thread Group RPS Thread Group, made 0 samples/s for expected rps 1.0 samples/s, increase your number of threads
 +      1 in 00:00:00 =   47.6/s Avg:     0 Min:     0 Max:     0 Err:     1 (100.00%) Active: 1 Started: 1 Finished: 0
23:56:44.000 [RPS Thread Group-ThreadStarter 1-2] WARN  kg.apc.jmeter.timers.VariableThroughputTimer - No free threads available in current Thread Group RPS Thread Group, made 241 samples/s for expected rps 260.78333333333336 samples/s, increase your number of threads
23:56:45.004 [RPS Thread Group-ThreadStarter 1-2] INFO  com.blazemeter.jmeter.control.VirtualUserController - Need to decrease concurrency, thread is done: RPS Thread Group-ThreadStarter 1-2
23:56:45.004 [RPS Thread Group-ThreadStarter 1-3] INFO  com.blazemeter.jmeter.control.VirtualUserController - Need to decrease concurrency, thread is done: RPS Thread Group-ThreadStarter 1-3
23:56:55.000 [RPS Thread Group-ThreadStarter 1-4] WARN  kg.apc.jmeter.timers.VariableThroughputTimer - No free threads available in current Thread Group RPS Thread Group, made 461 samples/s for expected rps 480.6 samples/s, increase your number of threads
23:56:56.003 [RPS Thread Group-ThreadStarter 1-1] INFO  com.blazemeter.jmeter.control.VirtualUserController - Need to decrease concurrency, thread is done: RPS Thread Group-ThreadStarter 1-1
23:56:56.003 [RPS Thread Group-ThreadStarter 1-5] INFO  com.blazemeter.jmeter.control.VirtualUserController - Need to decrease concurrency, thread is done: RPS Thread Group-ThreadStarter 1-5
 +   8134 in 00:00:29 =  282.0/s Avg:     0 Min:     0 Max:    59 Err:  8134 (100.00%) Active: 2 Started: 6 Finished: 4
 =   8135 in 00:00:29 =  281.8/s Avg:     0 Min:     0 Max:    59 Err:  8135 (100.00%)
23:57:01.002 [RPS Thread Group-ThreadStarter 1-4] WARN  kg.apc.jmeter.timers.VariableThroughputTimer - No free threads available in current Thread Group RPS Thread Group, made 578 samples/s for expected rps 600.5 samples/s, increase your number of threads
23:57:02.001 [RPS Thread Group-ThreadStarter 1-4] INFO  com.blazemeter.jmeter.control.VirtualUserController - Need to decrease concurrency, thread is done: RPS Thread Group-ThreadStarter 1-4
23:57:13.001 [RPS Thread Group-ThreadStarter 1-7] WARN  kg.apc.jmeter.timers.VariableThroughputTimer - No free threads available in current Thread Group RPS Thread Group, made 820 samples/s for expected rps 840.3 samples/s, increase your number of threads
23:57:14.002 [RPS Thread Group-ThreadStarter 1-8] INFO  com.blazemeter.jmeter.control.VirtualUserController - Need to decrease concurrency, thread is done: RPS Thread Group-ThreadStarter 1-8
23:57:14.002 [RPS Thread Group-ThreadStarter 1-6] INFO  com.blazemeter.jmeter.control.VirtualUserController - Need to decrease concurrency, thread is done: RPS Thread Group-ThreadStarter 1-6
23:57:15.000 [RPS Thread Group-ThreadStarter 1-7] WARN  kg.apc.jmeter.timers.VariableThroughputTimer - No free threads available in current Thread Group RPS Thread Group, made 860 samples/s for expected rps 880.2666666666667 samples/s, increase your number of threads
23:57:17.002 [RPS Thread Group-ThreadStarter 1-7] INFO  com.blazemeter.jmeter.control.VirtualUserController - Need to decrease concurrency, thread is done: RPS Thread Group-ThreadStarter 1-7
23:57:17.002 [RPS Thread Group-ThreadStarter 1-9] INFO  com.blazemeter.jmeter.control.VirtualUserController - Need to decrease concurrency, thread is done: RPS Thread Group-ThreadStarter 1-9
23:57:18.002 [RPS Thread Group-ThreadStarter 1-10] WARN  kg.apc.jmeter.timers.VariableThroughputTimer - No free threads available in current Thread Group RPS Thread Group, made 915 samples/s for expected rps 940.2166666666667 samples/s, increase your number of threads
23:57:19.003 [RPS Thread Group-ThreadStarter 1-10] INFO  com.blazemeter.jmeter.control.VirtualUserController - Need to decrease concurrency, thread is done: RPS Thread Group-ThreadStarter 1-10
23:57:19.003 [RPS Thread Group-ThreadStarter 1-12] INFO  com.blazemeter.jmeter.control.VirtualUserController - Need to decrease concurrency, thread is done: RPS Thread Group-ThreadStarter 1-12
23:57:26.000 [RPS Thread Group-ThreadStarter 1-11] WARN  kg.apc.jmeter.timers.VariableThroughputTimer - No free threads available in current Thread Group RPS Thread Group, made 1080 samples/s for expected rps 1100.0833333333333 samples/s, increase your number of threads
23:57:27.000 [RPS Thread Group-ThreadStarter 1-14] INFO  com.blazemeter.jmeter.control.VirtualUserController - Need to decrease concurrency, thread is done: RPS Thread Group-ThreadStarter 1-14
 +  26083 in 00:00:30 =  869.5/s Avg:     0 Min:     0 Max:    39 Err: 26083 (100.00%) Active: 2 Started: 14 Finished: 12
 =  34218 in 00:00:59 =  581.3/s Avg:     0 Min:     0 Max:    59 Err: 34218 (100.00%)
23:57:32.000 [RPS Thread Group-ThreadStarter 1-11] INFO  kg.apc.jmeter.timers.VariableThroughputTimer - No further RPS schedule, asking threads to stop...
23:57:32.001 [RPS Thread Group-ThreadStarter 1-11] INFO  kg.apc.jmeter.timers.VariableThroughputTimer - Stopping gracefuly threads of Thread Group : RPS Thread Group
23:57:32.001 [RPS Thread Group-ThreadStarter] INFO  com.blazemeter.jmeter.threads.concurrency.ConcurrencyThreadStarter - Done supplying threads
23:57:32.002 [main] WARN  org.apache.jmeter.engine.StandardJMeterEngine - Error encountered during shutdown of us.abstracta.jmeter.javadsl.core.listeners.HtmlReporter$AutoFlushingResultCollector@299270eb
java.lang.IllegalArgumentException: Cannot read test results file : ./reports/PerformanceREQ11/2023-06-19 11-56-31 ba76884a-6b11-4ab8-b577-a2227e1249dd/report.jtl
	at org.apache.jmeter.report.dashboard.ReportGenerator.<init>(ReportGenerator.java:133) ~[ApacheJMeter_core-5.5.jar:5.5]
	at us.abstracta.jmeter.javadsl.core.listeners.HtmlReporter$HtmlReportSummariser.testEnded(HtmlReporter.java:167) ~[jmeter-java-dsl-1.9.jar:1.9]
	at org.apache.jmeter.reporters.ResultCollector.testEnded(ResultCollector.java:308) ~[ApacheJMeter_core-5.5.jar:5.5]
	at us.abstracta.jmeter.javadsl.core.listeners.HtmlReporter$AutoFlushingResultCollector.testEnded(HtmlReporter.java:218) ~[jmeter-java-dsl-1.9.jar:1.9]
	at org.apache.jmeter.reporters.ResultCollector.testEnded(ResultCollector.java:345) ~[ApacheJMeter_core-5.5.jar:5.5]
	at org.apache.jmeter.engine.StandardJMeterEngine.notifyTestListenersOfEnd(StandardJMeterEngine.java:230) ~[ApacheJMeter_core-5.5.jar:5.5]
	at org.apache.jmeter.engine.StandardJMeterEngine.run(StandardJMeterEngine.java:507) ~[ApacheJMeter_core-5.5.jar:5.5]
	at us.abstracta.jmeter.javadsl.core.engines.EmbeddedJmeterEngine$2.runTest(EmbeddedJmeterEngine.java:162) ~[jmeter-java-dsl-1.9.jar:1.9]
	at us.abstracta.jmeter.javadsl.core.engines.EmbeddedJmeterEngine$TestRunner.run(EmbeddedJmeterEngine.java:179) ~[jmeter-java-dsl-1.9.jar:1.9]
	at us.abstracta.jmeter.javadsl.core.engines.EmbeddedJmeterEngine.runInEnv(EmbeddedJmeterEngine.java:129) ~[jmeter-java-dsl-1.9.jar:1.9]
	at us.abstracta.jmeter.javadsl.core.engines.EmbeddedJmeterEngine.run(EmbeddedJmeterEngine.java:93) ~[jmeter-java-dsl-1.9.jar:1.9]
	at us.abstracta.jmeter.javadsl.core.DslTestPlan.run(DslTestPlan.java:125) ~[jmeter-java-dsl-1.9.jar:1.9]
	at us.abstracta.jmeter.javadsl.sample.PerformanceTest.testPerformanceREQ11(PerformanceTest.java:48) ~[test-classes/:?]
	at jdk.internal.reflect.DirectMethodHandleAccessor.invoke(DirectMethodHandleAccessor.java:104) ~[?:?]
	at java.lang.reflect.Method.invoke(Method.java:578) ~[?:?]
	at org.junit.platform.commons.util.ReflectionUtils.invokeMethod(ReflectionUtils.java:727) ~[junit-platform-commons-1.9.0.jar:1.9.0]
	at org.junit.jupiter.engine.execution.MethodInvocation.proceed(MethodInvocation.java:60) ~[junit-jupiter-engine-5.9.0.jar:5.9.0]
	at org.junit.jupiter.engine.execution.InvocationInterceptorChain$ValidatingInvocation.proceed(InvocationInterceptorChain.java:131) ~[junit-jupiter-engine-5.9.0.jar:5.9.0]
	at org.junit.jupiter.engine.extension.TimeoutExtension.intercept(TimeoutExtension.java:156) ~[junit-jupiter-engine-5.9.0.jar:5.9.0]
	at org.junit.jupiter.engine.extension.TimeoutExtension.interceptTestableMethod(TimeoutExtension.java:147) ~[junit-jupiter-engine-5.9.0.jar:5.9.0]
	at org.junit.jupiter.engine.extension.TimeoutExtension.interceptTestMethod(TimeoutExtension.java:86) ~[junit-jupiter-engine-5.9.0.jar:5.9.0]
	at org.junit.jupiter.engine.execution.InterceptingExecutableInvoker$ReflectiveInterceptorCall.lambda$ofVoidMethod$0(InterceptingExecutableInvoker.java:103) ~[junit-jupiter-engine-5.9.0.jar:5.9.0]
	at org.junit.jupiter.engine.execution.InterceptingExecutableInvoker.lambda$invoke$0(InterceptingExecutableInvoker.java:93) ~[junit-jupiter-engine-5.9.0.jar:5.9.0]
	at org.junit.jupiter.engine.execution.InvocationInterceptorChain$InterceptedInvocation.proceed(InvocationInterceptorChain.java:106) ~[junit-jupiter-engine-5.9.0.jar:5.9.0]
	at org.junit.jupiter.engine.execution.InvocationInterceptorChain.proceed(InvocationInterceptorChain.java:64) ~[junit-jupiter-engine-5.9.0.jar:5.9.0]
	at org.junit.jupiter.engine.execution.InvocationInterceptorChain.chainAndInvoke(InvocationInterceptorChain.java:45) ~[junit-jupiter-engine-5.9.0.jar:5.9.0]
	at org.junit.jupiter.engine.execution.InvocationInterceptorChain.invoke(InvocationInterceptorChain.java:37) ~[junit-jupiter-engine-5.9.0.jar:5.9.0]
	at org.junit.jupiter.engine.execution.InterceptingExecutableInvoker.invoke(InterceptingExecutableInvoker.java:92) ~[junit-jupiter-engine-5.9.0.jar:5.9.0]
	at org.junit.jupiter.engine.execution.InterceptingExecutableInvoker.invoke(InterceptingExecutableInvoker.java:86) ~[junit-jupiter-engine-5.9.0.jar:5.9.0]
	at org.junit.jupiter.engine.descriptor.TestMethodTestDescriptor.lambda$invokeTestMethod$7(TestMethodTestDescriptor.java:217) ~[junit-jupiter-engine-5.9.0.jar:5.9.0]
	at org.junit.platform.engine.support.hierarchical.ThrowableCollector.execute(ThrowableCollector.java:73) ~[junit-platform-engine-1.9.0.jar:1.9.0]
	at org.junit.jupiter.engine.descriptor.TestMethodTestDescriptor.invokeTestMethod(TestMethodTestDescriptor.java:213) ~[junit-jupiter-engine-5.9.0.jar:5.9.0]
	at org.junit.jupiter.engine.descriptor.TestMethodTestDescriptor.execute(TestMethodTestDescriptor.java:138) ~[junit-jupiter-engine-5.9.0.jar:5.9.0]
	at org.junit.jupiter.engine.descriptor.TestMethodTestDescriptor.execute(TestMethodTestDescriptor.java:68) ~[junit-jupiter-engine-5.9.0.jar:5.9.0]
	at org.junit.platform.engine.support.hierarchical.NodeTestTask.lambda$executeRecursively$6(NodeTestTask.java:151) ~[junit-platform-engine-1.9.0.jar:1.9.0]
	at org.junit.platform.engine.support.hierarchical.ThrowableCollector.execute(ThrowableCollector.java:73) ~[junit-platform-engine-1.9.0.jar:1.9.0]
	at org.junit.platform.engine.support.hierarchical.NodeTestTask.lambda$executeRecursively$8(NodeTestTask.java:141) ~[junit-platform-engine-1.9.0.jar:1.9.0]
	at org.junit.platform.engine.support.hierarchical.Node.around(Node.java:137) ~[junit-platform-engine-1.9.0.jar:1.9.0]
	at org.junit.platform.engine.support.hierarchical.NodeTestTask.lambda$executeRecursively$9(NodeTestTask.java:139) ~[junit-platform-engine-1.9.0.jar:1.9.0]
	at org.junit.platform.engine.support.hierarchical.ThrowableCollector.execute(ThrowableCollector.java:73) ~[junit-platform-engine-1.9.0.jar:1.9.0]
	at org.junit.platform.engine.support.hierarchical.NodeTestTask.executeRecursively(NodeTestTask.java:138) ~[junit-platform-engine-1.9.0.jar:1.9.0]
	at org.junit.platform.engine.support.hierarchical.NodeTestTask.execute(NodeTestTask.java:95) ~[junit-platform-engine-1.9.0.jar:1.9.0]
	at java.util.ArrayList.forEach(ArrayList.java:1511) ~[?:?]
	at org.junit.platform.engine.support.hierarchical.SameThreadHierarchicalTestExecutorService.invokeAll(SameThreadHierarchicalTestExecutorService.java:41) ~[junit-platform-engine-1.9.0.jar:1.9.0]
	at org.junit.platform.engine.support.hierarchical.NodeTestTask.lambda$executeRecursively$6(NodeTestTask.java:155) ~[junit-platform-engine-1.9.0.jar:1.9.0]
	at org.junit.platform.engine.support.hierarchical.ThrowableCollector.execute(ThrowableCollector.java:73) ~[junit-platform-engine-1.9.0.jar:1.9.0]
	at org.junit.platform.engine.support.hierarchical.NodeTestTask.lambda$executeRecursively$8(NodeTestTask.java:141) ~[junit-platform-engine-1.9.0.jar:1.9.0]
	at org.junit.platform.engine.support.hierarchical.Node.around(Node.java:137) ~[junit-platform-engine-1.9.0.jar:1.9.0]
	at org.junit.platform.engine.support.hierarchical.NodeTestTask.lambda$executeRecursively$9(NodeTestTask.java:139) ~[junit-platform-engine-1.9.0.jar:1.9.0]
	at org.junit.platform.engine.support.hierarchical.ThrowableCollector.execute(ThrowableCollector.java:73) ~[junit-platform-engine-1.9.0.jar:1.9.0]
	at org.junit.platform.engine.support.hierarchical.NodeTestTask.executeRecursively(NodeTestTask.java:138) ~[junit-platform-engine-1.9.0.jar:1.9.0]
	at org.junit.platform.engine.support.hierarchical.NodeTestTask.execute(NodeTestTask.java:95) ~[junit-platform-engine-1.9.0.jar:1.9.0]
	at java.util.ArrayList.forEach(ArrayList.java:1511) ~[?:?]
	at org.junit.platform.engine.support.hierarchical.SameThreadHierarchicalTestExecutorService.invokeAll(SameThreadHierarchicalTestExecutorService.java:41) ~[junit-platform-engine-1.9.0.jar:1.9.0]
	at org.junit.platform.engine.support.hierarchical.NodeTestTask.lambda$executeRecursively$6(NodeTestTask.java:155) ~[junit-platform-engine-1.9.0.jar:1.9.0]
	at org.junit.platform.engine.support.hierarchical.ThrowableCollector.execute(ThrowableCollector.java:73) ~[junit-platform-engine-1.9.0.jar:1.9.0]
	at org.junit.platform.engine.support.hierarchical.NodeTestTask.lambda$executeRecursively$8(NodeTestTask.java:141) ~[junit-platform-engine-1.9.0.jar:1.9.0]
	at org.junit.platform.engine.support.hierarchical.Node.around(Node.java:137) ~[junit-platform-engine-1.9.0.jar:1.9.0]
	at org.junit.platform.engine.support.hierarchical.NodeTestTask.lambda$executeRecursively$9(NodeTestTask.java:139) ~[junit-platform-engine-1.9.0.jar:1.9.0]
	at org.junit.platform.engine.support.hierarchical.ThrowableCollector.execute(ThrowableCollector.java:73) ~[junit-platform-engine-1.9.0.jar:1.9.0]
	at org.junit.platform.engine.support.hierarchical.NodeTestTask.executeRecursively(NodeTestTask.java:138) ~[junit-platform-engine-1.9.0.jar:1.9.0]
	at org.junit.platform.engine.support.hierarchical.NodeTestTask.execute(NodeTestTask.java:95) ~[junit-platform-engine-1.9.0.jar:1.9.0]
	at org.junit.platform.engine.support.hierarchical.SameThreadHierarchicalTestExecutorService.submit(SameThreadHierarchicalTestExecutorService.java:35) ~[junit-platform-engine-1.9.0.jar:1.9.0]
	at org.junit.platform.engine.support.hierarchical.HierarchicalTestExecutor.execute(HierarchicalTestExecutor.java:57) ~[junit-platform-engine-1.9.0.jar:1.9.0]
	at org.junit.platform.engine.support.hierarchical.HierarchicalTestEngine.execute(HierarchicalTestEngine.java:54) ~[junit-platform-engine-1.9.0.jar:1.9.0]
	at org.junit.platform.launcher.core.EngineExecutionOrchestrator.execute(EngineExecutionOrchestrator.java:147) ~[junit-platform-launcher-1.9.0.jar:1.9.0]
	at org.junit.platform.launcher.core.EngineExecutionOrchestrator.execute(EngineExecutionOrchestrator.java:127) ~[junit-platform-launcher-1.9.0.jar:1.9.0]
	at org.junit.platform.launcher.core.EngineExecutionOrchestrator.execute(EngineExecutionOrchestrator.java:90) ~[junit-platform-launcher-1.9.0.jar:1.9.0]
	at org.junit.platform.launcher.core.EngineExecutionOrchestrator.lambda$execute$0(EngineExecutionOrchestrator.java:55) ~[junit-platform-launcher-1.9.0.jar:1.9.0]
	at org.junit.platform.launcher.core.EngineExecutionOrchestrator.withInterceptedStreams(EngineExecutionOrchestrator.java:102) ~[junit-platform-launcher-1.9.0.jar:1.9.0]
	at org.junit.platform.launcher.core.EngineExecutionOrchestrator.execute(EngineExecutionOrchestrator.java:54) ~[junit-platform-launcher-1.9.0.jar:1.9.0]
	at org.junit.platform.launcher.core.DefaultLauncher.execute(DefaultLauncher.java:114) ~[junit-platform-launcher-1.9.0.jar:1.9.0]
	at org.junit.platform.launcher.core.DefaultLauncher.execute(DefaultLauncher.java:86) ~[junit-platform-launcher-1.9.0.jar:1.9.0]
	at org.junit.platform.launcher.core.DefaultLauncherSession$DelegatingLauncher.execute(DefaultLauncherSession.java:86) ~[junit-platform-launcher-1.9.0.jar:1.9.0]
	at org.apache.maven.surefire.junitplatform.LazyLauncher.execute(LazyLauncher.java:55) ~[surefire-junit-platform-3.0.0-M7.jar:3.0.0-M7]
	at org.apache.maven.surefire.junitplatform.JUnitPlatformProvider.execute(JUnitPlatformProvider.java:223) ~[surefire-junit-platform-3.0.0-M7.jar:3.0.0-M7]
	at org.apache.maven.surefire.junitplatform.JUnitPlatformProvider.invokeAllTests(JUnitPlatformProvider.java:175) ~[surefire-junit-platform-3.0.0-M7.jar:3.0.0-M7]
	at org.apache.maven.surefire.junitplatform.JUnitPlatformProvider.invoke(JUnitPlatformProvider.java:139) ~[surefire-junit-platform-3.0.0-M7.jar:3.0.0-M7]
	at org.apache.maven.surefire.booter.ForkedBooter.runSuitesInProcess(ForkedBooter.java:456) ~[surefire-booter-3.0.0-M7.jar:3.0.0-M7]
	at org.apache.maven.surefire.booter.ForkedBooter.execute(ForkedBooter.java:169) ~[surefire-booter-3.0.0-M7.jar:3.0.0-M7]
	at org.apache.maven.surefire.booter.ForkedBooter.run(ForkedBooter.java:595) ~[surefire-booter-3.0.0-M7.jar:3.0.0-M7]
	at org.apache.maven.surefire.booter.ForkedBooter.main(ForkedBooter.java:581) ~[surefire-booter-3.0.0-M7.jar:3.0.0-M7]
]]></system-out>
  </testcase>
</testsuite>